A51 MACRO ASSEMBLER  LAB8                                                                 04/27/2014 08:04:17 PAGE     1


MACRO ASSEMBLER A51 V8.02b
OBJECT MODULE PLACED IN lab8.OBJ
ASSEMBLER INVOKED BY: C:\Keil\C51\BIN\A51.EXE lab8.a51 SET(SMALL) DEBUG EP

LOC  OBJ            LINE     SOURCE

0000                   1     ORG 0
                       2     
0000                   3     AVG:
0000 E4                4                     CLR A
0001 7930              5                     MOV R1, #30H ; destination address
0003 7870              6                     MOV R0, #70H  ;// KEEP VALUE
0005 7A09              7                     MOV R2, #9 ; COUNTER
0007 75F009            8                     MOV B, #9 ; USED TO DIVIDE (SUM/# OF NUMS)
000A 900250            9                     MOV DPTR, #MYDATA ; DPTRS USED TO TRAVERSE LOOKUP TABLE
000D                  10     AGAIN:  
000D E4               11                     CLR A
000E 93               12                     MOVC A, @A+DPTR
000F F7               13                     MOV @R1, A
0010 26               14                     ADD A, @R0
0011 F6               15                     MOV @R0, A
                      16                     
0012 09               17                     INC R1
0013 A3               18                     INC DPTR
                      19             
0014 DAF7             20                     DJNZ R2, AGAIN
                      21                     
                      22                     ; divide
0016 E6               23                     MOV A, @R0
0017 84               24                     DIV AB
0018 FF               25                     MOV R7, A 
                      26                     ; end division
                      27                     
                      28     ; ---- MIN ROUTINE
0019                  29     MIN:
0019 7930             30                     MOV R1, #30H
001B 7A09             31                     MOV R2, #9
001D 87F0             32                     MOV B, @R1 ; ASSUME 1ST ELEMENT IS THE MIN VALUE
                      33                             
001F E4               34                     CLR A
0020                  35     MINLOOP:
0020 E7               36                     MOV A, @R1
0021 B5F000           37                     CJNE A, B, LOOP1  ;COMPARE A AND B
                      38                     
0024 5007             39     LOOP1:  JNC LOOP2  ; JUMP IF A > B
0026 F5F0             40                     MOV B, A ; ELSE MOVE A TO B (A < B) 
0028 09               41                     INC R1
                      42                     
                      43                     
0029 DAF5             44                     DJNZ R2, MINLOOP
002B 8003             45                     SJMP FINALSTEP
002D                  46     LOOP2: 
002D 09               47                     INC R1
                      48                     ;MOV B, A
002E DAF0             49                     DJNZ R2, MINLOOP
                      50                     
0030                  51     FINALSTEP:      
0030 E5F0             52                     MOV A, B
0032 FD               53                     MOV R5, A
                      54                     
                      55     ; ---- END ROUTINE
                      56     
                      57     
                      58     ; ---- MAX ROUTINE
A51 MACRO ASSEMBLER  LAB8                                                                 04/27/2014 08:04:17 PAGE     2

0033                  59     MAX:
0033 7930             60                     MOV R1, #30H
0035 7A09             61                     MOV R2, #9
0037 75F000           62                     MOV B, #0 ; START MAX AT 0 OR 1ST ELEMENT
                      63                             
003A E4               64                     CLR A
003B                  65     BIGLOOP:
003B E7               66                     MOV A, @R1
003C B5F000           67                     CJNE A, B, LOOP  ;COMPARE A AND B
                      68                     
003F 4007             69     LOOP:   JC SECONDLOOP  ; JUMP IF A < B
0041 F5F0             70                     MOV B, A ; ELSE MOVE A TO B (A > B) 
0043 09               71                     INC R1
                      72                     
0044 DAF5             73                     DJNZ R2, BIGLOOP
0046 8003             74                     SJMP NEXT
                      75                     
0048                  76     SECONDLOOP: 
0048 09               77                     INC R1
0049 DAF0             78                     DJNZ R2, BIGLOOP
                      79                     
004B E5F0             80     NEXT:   MOV A, B
004D FE               81                     MOV R6, A
                      82                     
                      83     ; ---- MAX ROUTINE ENDS
                      84     
0250                  85     ORG 250H
0250 03090609         86     MYDATA:   DB   3, 9, 6, 9, 7, 6, 4, 2, 8
0254 07060402                
0258 08                      
                      87      
                      88     
                      89     END
A51 MACRO ASSEMBLER  LAB8                                                                 04/27/2014 08:04:17 PAGE     3

SYMBOL TABLE LISTING
------ ----- -------


N A M E             T Y P E  V A L U E   ATTRIBUTES

AGAIN. . . . . . .  C ADDR   000DH   A   
AVG. . . . . . . .  C ADDR   0000H   A   
B. . . . . . . . .  D ADDR   00F0H   A   
BIGLOOP. . . . . .  C ADDR   003BH   A   
FINALSTEP. . . . .  C ADDR   0030H   A   
LOOP . . . . . . .  C ADDR   003FH   A   
LOOP1. . . . . . .  C ADDR   0024H   A   
LOOP2. . . . . . .  C ADDR   002DH   A   
MAX. . . . . . . .  C ADDR   0033H   A   
MIN. . . . . . . .  C ADDR   0019H   A   
MINLOOP. . . . . .  C ADDR   0020H   A   
MYDATA . . . . . .  C ADDR   0250H   A   
NEXT . . . . . . .  C ADDR   004BH   A   
SECONDLOOP . . . .  C ADDR   0048H   A   


REGISTER BANK(S) USED: 0 


ASSEMBLY COMPLETE.  0 WARNING(S), 0 ERROR(S)
